Detected score mode
Detected score mode
Detected /Users/zhilei.ma/vscode/POV/baoma/heart_failure/deploy/custom.py .. trying to load hooks
 
 
============================================================
Component: Generic Predictor
Output:
------------------------------------------------------------
------------------------------------------------------------
Runtime:    0.0 sec
NR outputs: 0
============================================================
 
            0         1
0    0.000000  1.000000
1    0.272727  0.727273
2    0.000000  1.000000
3    0.000000  1.000000
4    0.000000  1.000000
..        ...       ...
294  1.000000  0.000000
295  1.000000  0.000000
296  1.000000  0.000000
297  1.000000  0.000000
298  1.000000  0.000000

[299 rows x 2 columns]
